<?xml version="1.0" encoding="UTF-8"?>
<!-- Generated by org.testng.reporters.JUnitReportReporter -->
<testsuite hostname="Samis-MacBook-Pro.local" name="TestAWS.UploadFile" tests="1" failures="0" timestamp="27 Apr 2019 03:04:50 GMT" time="0.969" errors="0">
  <testcase name="testUploadFileToBucket" time="0.969" classname="TestAWS.UploadFile"/>
</testsuite> <!-- TestAWS.UploadFile -->
