<?xml version="1.0" encoding="UTF-8"?>
<!-- Generated by org.testng.reporters.JUnitReportReporter -->
<testsuite hostname="Samis-MacBook-Pro.local" name="TestAWS.CreateBucket" tests="1" failures="0" timestamp="27 Apr 2019 02:41:07 GMT" time="1.206" errors="0">
  <testcase name="testCreateBucket3" time="1.206" classname="TestAWS.CreateBucket"/>
</testsuite> <!-- TestAWS.CreateBucket -->
