<?xml version="1.0" encoding="UTF-8"?>
<!-- Generated by org.testng.reporters.JUnitReportReporter -->
<testsuite hostname="Samis-MacBook-Pro.local" name="TestAWS.DeleteFolder" tests="1" failures="0" timestamp="27 Apr 2019 03:14:38 GMT" time="1.151" errors="0">
  <testcase name="testUploadFileToBucket" time="1.151" classname="TestAWS.DeleteFolder"/>
</testsuite> <!-- TestAWS.DeleteFolder -->
