<?xml version="1.0" encoding="UTF-8"?>
<!-- Generated by org.testng.reporters.JUnitReportReporter -->
<testsuite hostname="Samis-MacBook-Pro.local" name="TestAWS.Read" tests="1" failures="0" timestamp="27 Apr 2019 02:48:31 GMT" time="1.116" errors="0">
  <testcase name="testReadFile" time="1.116" classname="TestAWS.Read"/>
</testsuite> <!-- TestAWS.Read -->
