<?xml version="1.0" encoding="UTF-8"?>
<!-- Generated by org.testng.reporters.JUnitReportReporter -->
<testsuite hostname="Samis-MacBook-Pro.local" name="TestAWS.Read" tests="1" failures="0" timestamp="7 May 2019 04:05:43 GMT" time="1.019" errors="0">
  <testcase name="testReadFile" time="1.019" classname="TestAWS.Read"/>
</testsuite> <!-- TestAWS.Read -->
