<?xml version="1.0" encoding="UTF-8"?>
<!-- Generated by org.testng.reporters.JUnitReportReporter -->
<testsuite hostname="Samis-MacBook-Pro.local" name="TestAWS.UploadDirectory" tests="1" failures="0" timestamp="7 May 2019 04:17:44 GMT" time="1.188" errors="0">
  <testcase name="testUploadDirectoryToBucket" time="1.188" classname="TestAWS.UploadDirectory"/>
</testsuite> <!-- TestAWS.UploadDirectory -->
