<?xml version="1.0" encoding="UTF-8"?>
<!-- Generated by org.testng.reporters.JUnitReportReporter -->
<testsuite hostname="Samis-MacBook-Pro.local" name="TestAWS.UploadExcel_ReadExcel_DeleteExcel" tests="1" failures="0" timestamp="7 May 2019 04:43:00 GMT" time="0.484" errors="0">
  <testcase name="download" time="0.484" classname="TestAWS.UploadExcel_ReadExcel_DeleteExcel"/>
</testsuite> <!-- TestAWS.UploadExcel_ReadExcel_DeleteExcel -->
