<?xml version="1.0" encoding="UTF-8"?>
<!-- Generated by org.testng.reporters.JUnitReportReporter -->
<testsuite hostname="Samis-MacBook-Pro.local" name="TestAWS.UploadDirectory" tests="1" failures="0" timestamp="27 Apr 2019 03:08:54 GMT" time="1.059" errors="0">
  <testcase name="testUploadFileToBucket" time="1.059" classname="TestAWS.UploadDirectory"/>
</testsuite> <!-- TestAWS.UploadDirectory -->
