<?xml version="1.0" encoding="UTF-8"?>
<!-- Generated by org.testng.reporters.JUnitReportReporter -->
<testsuite hostname="Samis-MacBook-Pro.local" name="TestAWS.DeleteFile" tests="1" failures="0" timestamp="27 Apr 2019 03:06:46 GMT" time="0.974" errors="0">
  <testcase name="testUploadFileToBucket" time="0.974" classname="TestAWS.DeleteFile"/>
</testsuite> <!-- TestAWS.DeleteFile -->
