<?xml version="1.0" encoding="UTF-8"?>
<!-- Generated by org.testng.reporters.JUnitReportReporter -->
<testsuite hostname="Samis-MacBook-Pro.local" name="TestAWS.ListFiles" tests="1" failures="0" timestamp="27 Apr 2019 03:03:01 GMT" time="1.128" errors="0">
  <testcase name="testUploadFileToBucket" time="1.128" classname="TestAWS.ListFiles"/>
</testsuite> <!-- TestAWS.ListFiles -->
