<?xml version="1.0" encoding="UTF-8"?>
<!-- Generated by org.testng.reporters.JUnitReportReporter -->
<testsuite hostname="Samis-MacBook-Pro.local" name="TestAWS.Lists3Buckets" tests="1" failures="0" timestamp="27 Apr 2019 02:33:23 GMT" time="0.986" errors="0">
  <testcase name="testListBuckets" time="0.986" classname="TestAWS.Lists3Buckets"/>
</testsuite> <!-- TestAWS.Lists3Buckets -->
