<?xml version="1.0" encoding="UTF-8"?>
<!-- Generated by org.testng.reporters.JUnitReportReporter -->
<testsuite hostname="Samis-MacBook-Pro.local" name="TestAWS.DeleteBucket" tests="1" failures="0" timestamp="27 Apr 2019 03:18:19 GMT" time="1.042" errors="0">
  <testcase name="testDeleteBucket" time="1.042" classname="TestAWS.DeleteBucket"/>
</testsuite> <!-- TestAWS.DeleteBucket -->
